Using pre-set license
Built from '2020.3/staging' branch; Version is '2020.3.3f1 (76626098c1c4) revision 7758432'; Using compiler version '192528614'; Build Type 'Release'
OS: 'Windows 10 Home; OS build 19041.928; Version 2004; 64bit' Language: 'es' Physical Memory: 8140 MB
BatchMode: 1, IsHumanControllingUs: 0, StartBugReporterOnCrash: 0, Is64bit: 1, IsPro: 0

 COMMAND LINE ARGUMENTS:
C:\Program Files\2020.3.3f1\Editor\Unity.exe
-adb2
-batchMode
-noUpm
-name
AssetImportWorker0
-projectPath
C:/Projects/Programacion/Curso1
-logFile
Logs/AssetImportWorker0.log
-srvPort
57886
Successfully changed project path to: C:/Projects/Programacion/Curso1
C:/Projects/Programacion/Curso1
Using Asset Import Pipeline V2.
Refreshing native plugins compatible for Editor in 43.18 ms, found 0 plugins.
Preloading 0 native plugins for Editor in 0.00 ms.
Initialize engine version: 2020.3.3f1 (76626098c1c4)
[Subsystems] Discovering subsystems at path C:/Program Files/2020.3.3f1/Editor/Data/Resources/UnitySubsystems
[Subsystems] Discovering subsystems at path C:/Projects/Programacion/Curso1/Assets
GfxDevice: creating device client; threaded=0
Direct3D:
    Version:  Direct3D 11.0 [level 11.1]
    Renderer: NVIDIA GeForce GTX 950 (ID=0x1402)
    Vendor:   
    VRAM:     2007 MB
    Driver:   27.21.14.5709
Initialize mono
Mono path[0] = 'C:/Program Files/2020.3.3f1/Editor/Data/Managed'
Mono path[1] = 'C:/Program Files/2020.3.3f1/Editor/Data/MonoBleedingEdge/lib/mono/unityjit'
Mono config path = 'C:/Program Files/2020.3.3f1/Editor/Data/MonoBleedingEdge/etc'
Using monoOptions --debugger-agent=transport=dt_socket,embedding=1,server=y,suspend=n,address=127.0.0.1:56588
Begin MonoManager ReloadAssembly
Registering precompiled unity dll's ...
Register platform support module: C:/Program Files/2020.3.3f1/Editor/Data/PlaybackEngines/WindowsStandaloneSupport/UnityEditor.WindowsStandalone.Extensions.dll
Registered in 0.003543 seconds.
Native extension for WindowsStandalone target not found
Refreshing native plugins compatible for Editor in 35.40 ms, found 0 plugins.
Preloading 0 native plugins for Editor in 0.00 ms.
Invoked RoslynAnalysisRunner static constructor.
RoslynAnalysisRunner will not be running.
RoslynAnalysisRunner has terminated.
Mono: successfully reloaded assembly
- Completed reload, in  2.964 seconds
Platform modules already initialized, skipping
Registering precompiled user dll's ...
Registered in 0.001042 seconds.
Begin MonoManager ReloadAssembly
Native extension for WindowsStandalone target not found
Refreshing native plugins compatible for Editor in 0.27 ms, found 0 plugins.
Preloading 0 native plugins for Editor in 0.00 ms.
Invoked RoslynAnalysisRunner static constructor.
RoslynAnalysisRunner will not be running.
RoslynAnalysisRunner has terminated.
Mono: successfully reloaded assembly
- Completed reload, in  1.262 seconds
Platform modules already initialized, skipping
========================================================================
Worker process is ready to serve import requests
Launched and connected shader compiler UnityShaderCompiler.exe after 0.11 seconds
Refreshing native plugins compatible for Editor in 0.34 ms, found 0 plugins.
Preloading 0 native plugins for Editor in 0.00 ms.
Unloading 1141 Unused Serialized files (Serialized files now loaded: 0)
System memory in use before: 59.6 MB.
System memory in use after: 59.6 MB.

Unloading 10 unused Assets to reduce memory usage. Loaded Objects now: 1582.
Total: 2.435400 ms (FindLiveObjects: 0.253500 ms CreateObjectMapping: 0.130100 ms MarkObjects: 1.936500 ms  DeleteObjects: 0.113800 ms)

========================================================================
Received Import Request.
  path: Assets/Scripts/Sesion4
  artifactKey: Guid(1f58b47296b156c4a9882e332a832c7f) Importer(815301076,1909f56bfc062723c751e8b465ee728b)
Start importing Assets/Scripts/Sesion4 using Guid(1f58b47296b156c4a9882e332a832c7f) Importer(815301076,1909f56bfc062723c751e8b465ee728b)  -> (artifact id: '35fad78debbf495df1ae0ab4f764554e') in 0.053283 seconds
  Import took 0.064604 seconds .

========================================================================
Received Import Request.
  Time since last request: 12.506890 seconds.
  path: Assets/Scripts/Sesion4/Sesion4_Properties.cs
  artifactKey: Guid(9d45a47e00e6f124685442b3f3b156c8) Importer(815301076,1909f56bfc062723c751e8b465ee728b)
Start importing Assets/Scripts/Sesion4/Sesion4_Properties.cs using Guid(9d45a47e00e6f124685442b3f3b156c8) Importer(815301076,1909f56bfc062723c751e8b465ee728b)  -> (artifact id: 'f8402276d9982f37d884b5d2b8d4a0fd') in 0.198642 seconds
  Import took 0.212918 seconds .

========================================================================
Received Prepare
Registering precompiled user dll's ...
Registered in 0.001040 seconds.
Begin MonoManager ReloadAssembly
Native extension for WindowsStandalone target not found
Refreshing native plugins compatible for Editor in 0.27 ms, found 0 plugins.
Preloading 0 native plugins for Editor in 0.00 ms.
Invoked RoslynAnalysisRunner static constructor.
RoslynAnalysisRunner will not be running.
RoslynAnalysisRunner has terminated.
Mono: successfully reloaded assembly
- Completed reload, in  1.092 seconds
Platform modules already initialized, skipping
Refreshing native plugins compatible for Editor in 0.27 ms, found 0 plugins.
Preloading 0 native plugins for Editor in 0.00 ms.
Unloading 1124 Unused Serialized files (Serialized files now loaded: 0)
System memory in use before: 58.3 MB.
System memory in use after: 58.3 MB.

Unloading 5 unused Assets to reduce memory usage. Loaded Objects now: 1586.
Total: 2.147200 ms (FindLiveObjects: 0.313900 ms CreateObjectMapping: 0.064600 ms MarkObjects: 1.701100 ms  DeleteObjects: 0.066000 ms)

========================================================================
Received Prepare
Registering precompiled user dll's ...
Registered in 0.001213 seconds.
Begin MonoManager ReloadAssembly
Native extension for WindowsStandalone target not found
Refreshing native plugins compatible for Editor in 0.27 ms, found 0 plugins.
Preloading 0 native plugins for Editor in 0.00 ms.
Invoked RoslynAnalysisRunner static constructor.
RoslynAnalysisRunner will not be running.
RoslynAnalysisRunner has terminated.
Mono: successfully reloaded assembly
- Completed reload, in  1.164 seconds
Platform modules already initialized, skipping
Refreshing native plugins compatible for Editor in 0.35 ms, found 0 plugins.
Preloading 0 native plugins for Editor in 0.00 ms.
Unloading 1124 Unused Serialized files (Serialized files now loaded: 0)
System memory in use before: 58.3 MB.
System memory in use after: 58.4 MB.

Unloading 5 unused Assets to reduce memory usage. Loaded Objects now: 1589.
Total: 2.105600 ms (FindLiveObjects: 0.204900 ms CreateObjectMapping: 0.094700 ms MarkObjects: 1.735300 ms  DeleteObjects: 0.069100 ms)

========================================================================
Received Import Request.
  Time since last request: 1104.286509 seconds.
  path: Assets/Scripts/Sesion4/Sesion4_Properties.cs
  artifactKey: Guid(9d45a47e00e6f124685442b3f3b156c8) Importer(815301076,1909f56bfc062723c751e8b465ee728b)
Start importing Assets/Scripts/Sesion4/Sesion4_Properties.cs using Guid(9d45a47e00e6f124685442b3f3b156c8) Importer(815301076,1909f56bfc062723c751e8b465ee728b)  -> (artifact id: 'daa3641ac5185d85bc7684d1becff30e') in 0.021794 seconds
  Import took 0.030972 seconds .

========================================================================
Received Import Request.
  Time since last request: 23.177661 seconds.
  path: Assets/Scripts/Sesion4/Sesion4_Constructor.cs
  artifactKey: Guid(488a41e4617aa0f4799d3df6a5e06b6a) Importer(815301076,1909f56bfc062723c751e8b465ee728b)
Start importing Assets/Scripts/Sesion4/Sesion4_Constructor.cs using Guid(488a41e4617aa0f4799d3df6a5e06b6a) Importer(815301076,1909f56bfc062723c751e8b465ee728b)  -> (artifact id: '49c70381b98c547ce02d81b58bb6e1fb') in 0.010150 seconds
  Import took 0.025076 seconds .

========================================================================
Received Prepare
Registering precompiled user dll's ...
Registered in 0.001232 seconds.
Begin MonoManager ReloadAssembly
Native extension for WindowsStandalone target not found
Refreshing native plugins compatible for Editor in 0.26 ms, found 0 plugins.
Preloading 0 native plugins for Editor in 0.00 ms.
Invoked RoslynAnalysisRunner static constructor.
RoslynAnalysisRunner will not be running.
RoslynAnalysisRunner has terminated.
Mono: successfully reloaded assembly
- Completed reload, in  1.179 seconds
Platform modules already initialized, skipping
Refreshing native plugins compatible for Editor in 0.37 ms, found 0 plugins.
Preloading 0 native plugins for Editor in 0.00 ms.
Unloading 1125 Unused Serialized files (Serialized files now loaded: 0)
System memory in use before: 58.3 MB.
System memory in use after: 58.4 MB.

Unloading 5 unused Assets to reduce memory usage. Loaded Objects now: 1593.
Total: 2.169400 ms (FindLiveObjects: 0.273100 ms CreateObjectMapping: 0.065300 ms MarkObjects: 1.761800 ms  DeleteObjects: 0.067000 ms)

========================================================================
Received Import Request.
  Time since last request: 348.492827 seconds.
  path: Assets/Scripts/Sesion4/Sesion4_Constructor.cs
  artifactKey: Guid(488a41e4617aa0f4799d3df6a5e06b6a) Importer(815301076,1909f56bfc062723c751e8b465ee728b)
Start importing Assets/Scripts/Sesion4/Sesion4_Constructor.cs using Guid(488a41e4617aa0f4799d3df6a5e06b6a) Importer(815301076,1909f56bfc062723c751e8b465ee728b)  -> (artifact id: 'd17419af9bc77ae30532f1e0a45c84ed') in 0.015101 seconds
  Import took 0.027608 seconds .

========================================================================
Received Prepare
Registering precompiled user dll's ...
Registered in 0.001107 seconds.
Begin MonoManager ReloadAssembly
Native extension for WindowsStandalone target not found
Refreshing native plugins compatible for Editor in 0.26 ms, found 0 plugins.
Preloading 0 native plugins for Editor in 0.00 ms.
Invoked RoslynAnalysisRunner static constructor.
RoslynAnalysisRunner will not be running.
RoslynAnalysisRunner has terminated.
Mono: successfully reloaded assembly
- Completed reload, in  1.094 seconds
Platform modules already initialized, skipping
Refreshing native plugins compatible for Editor in 0.26 ms, found 0 plugins.
Preloading 0 native plugins for Editor in 0.00 ms.
Unloading 1125 Unused Serialized files (Serialized files now loaded: 0)
System memory in use before: 58.3 MB.
System memory in use after: 58.4 MB.

Unloading 5 unused Assets to reduce memory usage. Loaded Objects now: 1596.
Total: 2.001700 ms (FindLiveObjects: 0.147900 ms CreateObjectMapping: 0.125100 ms MarkObjects: 1.656900 ms  DeleteObjects: 0.068900 ms)

========================================================================
Received Prepare
Registering precompiled user dll's ...
Registered in 0.000968 seconds.
Begin MonoManager ReloadAssembly
Native extension for WindowsStandalone target not found
Refreshing native plugins compatible for Editor in 0.31 ms, found 0 plugins.
Preloading 0 native plugins for Editor in 0.00 ms.
Invoked RoslynAnalysisRunner static constructor.
RoslynAnalysisRunner will not be running.
RoslynAnalysisRunner has terminated.
Mono: successfully reloaded assembly
- Completed reload, in  1.080 seconds
Platform modules already initialized, skipping
Refreshing native plugins compatible for Editor in 0.28 ms, found 0 plugins.
Preloading 0 native plugins for Editor in 0.00 ms.
Unloading 1125 Unused Serialized files (Serialized files now loaded: 0)
System memory in use before: 58.3 MB.
System memory in use after: 58.4 MB.

Unloading 5 unused Assets to reduce memory usage. Loaded Objects now: 1599.
Total: 2.595800 ms (FindLiveObjects: 0.304900 ms CreateObjectMapping: 0.053200 ms MarkObjects: 2.169600 ms  DeleteObjects: 0.066600 ms)

========================================================================
Received Prepare
Registering precompiled user dll's ...
Registered in 0.001104 seconds.
Begin MonoManager ReloadAssembly
Native extension for WindowsStandalone target not found
Refreshing native plugins compatible for Editor in 0.42 ms, found 0 plugins.
Preloading 0 native plugins for Editor in 0.00 ms.
Invoked RoslynAnalysisRunner static constructor.
RoslynAnalysisRunner will not be running.
RoslynAnalysisRunner has terminated.
Mono: successfully reloaded assembly
- Completed reload, in  1.139 seconds
Platform modules already initialized, skipping
Refreshing native plugins compatible for Editor in 0.27 ms, found 0 plugins.
Preloading 0 native plugins for Editor in 0.00 ms.
Unloading 1125 Unused Serialized files (Serialized files now loaded: 0)
System memory in use before: 58.3 MB.
System memory in use after: 58.4 MB.

Unloading 5 unused Assets to reduce memory usage. Loaded Objects now: 1602.
Total: 2.575500 ms (FindLiveObjects: 0.418700 ms CreateObjectMapping: 0.167300 ms MarkObjects: 1.924300 ms  DeleteObjects: 0.063900 ms)

========================================================================
Received Import Request.
  Time since last request: 1580.268248 seconds.
  path: Assets/Scripts/Sesion4/Sesion4_SendMessage.cs
  artifactKey: Guid(c299ea10c7966df4d9d95d973ffb02d5) Importer(815301076,1909f56bfc062723c751e8b465ee728b)
Start importing Assets/Scripts/Sesion4/Sesion4_SendMessage.cs using Guid(c299ea10c7966df4d9d95d973ffb02d5) Importer(815301076,1909f56bfc062723c751e8b465ee728b)  -> (artifact id: 'f0b94396cdf9cbf8d5db53a606328625') in 0.014500 seconds
  Import took 0.030197 seconds .

========================================================================
Received Prepare
Registering precompiled user dll's ...
Registered in 0.001657 seconds.
Begin MonoManager ReloadAssembly
Native extension for WindowsStandalone target not found
Refreshing native plugins compatible for Editor in 0.28 ms, found 0 plugins.
Preloading 0 native plugins for Editor in 0.00 ms.
Invoked RoslynAnalysisRunner static constructor.
RoslynAnalysisRunner will not be running.
RoslynAnalysisRunner has terminated.
Mono: successfully reloaded assembly
- Completed reload, in  1.132 seconds
Platform modules already initialized, skipping
Refreshing native plugins compatible for Editor in 0.29 ms, found 0 plugins.
Preloading 0 native plugins for Editor in 0.00 ms.
Unloading 1126 Unused Serialized files (Serialized files now loaded: 0)
System memory in use before: 58.4 MB.
System memory in use after: 58.4 MB.

Unloading 5 unused Assets to reduce memory usage. Loaded Objects now: 1606.
Total: 2.262400 ms (FindLiveObjects: 0.309800 ms CreateObjectMapping: 0.083100 ms MarkObjects: 1.799700 ms  DeleteObjects: 0.067600 ms)

========================================================================
Received Prepare
Registering precompiled user dll's ...
Registered in 0.001233 seconds.
Begin MonoManager ReloadAssembly
Native extension for WindowsStandalone target not found
Refreshing native plugins compatible for Editor in 0.26 ms, found 0 plugins.
Preloading 0 native plugins for Editor in 0.00 ms.
Invoked RoslynAnalysisRunner static constructor.
RoslynAnalysisRunner will not be running.
RoslynAnalysisRunner has terminated.
Mono: successfully reloaded assembly
- Completed reload, in  1.083 seconds
Platform modules already initialized, skipping
Refreshing native plugins compatible for Editor in 0.34 ms, found 0 plugins.
Preloading 0 native plugins for Editor in 0.00 ms.
Unloading 1126 Unused Serialized files (Serialized files now loaded: 0)
System memory in use before: 58.4 MB.
System memory in use after: 58.5 MB.

Unloading 5 unused Assets to reduce memory usage. Loaded Objects now: 1609.
Total: 2.113500 ms (FindLiveObjects: 0.280800 ms CreateObjectMapping: 0.087700 ms MarkObjects: 1.679400 ms  DeleteObjects: 0.063700 ms)

========================================================================
Received Import Request.
  Time since last request: 33.338152 seconds.
  path: Assets/Scripts/Sesion4/Sesion4_SendMessage.cs
  artifactKey: Guid(c299ea10c7966df4d9d95d973ffb02d5) Importer(815301076,1909f56bfc062723c751e8b465ee728b)
Start importing Assets/Scripts/Sesion4/Sesion4_SendMessage.cs using Guid(c299ea10c7966df4d9d95d973ffb02d5) Importer(815301076,1909f56bfc062723c751e8b465ee728b)  -> (artifact id: '83a6a0d5e302e70e8ee402096cbb291d') in 0.011084 seconds
  Import took 0.027481 seconds .

========================================================================
Received Import Request.
  Time since last request: 21.858829 seconds.
  path: Assets/Scripts/Sesion4/Sesion4_ReceiverOwner.cs
  artifactKey: Guid(dc126c22768a5494fb295191b7528348) Importer(815301076,1909f56bfc062723c751e8b465ee728b)
Start importing Assets/Scripts/Sesion4/Sesion4_ReceiverOwner.cs using Guid(dc126c22768a5494fb295191b7528348) Importer(815301076,1909f56bfc062723c751e8b465ee728b)  -> (artifact id: 'd397f69ee169756f9fd64014b8d89dbf') in 0.010341 seconds
  Import took 0.014645 seconds .

========================================================================
Received Prepare
Registering precompiled user dll's ...
Registered in 0.001170 seconds.
Begin MonoManager ReloadAssembly
Native extension for WindowsStandalone target not found
Refreshing native plugins compatible for Editor in 0.29 ms, found 0 plugins.
Preloading 0 native plugins for Editor in 0.00 ms.
Invoked RoslynAnalysisRunner static constructor.
RoslynAnalysisRunner will not be running.
RoslynAnalysisRunner has terminated.
Mono: successfully reloaded assembly
- Completed reload, in  1.262 seconds
Platform modules already initialized, skipping
Refreshing native plugins compatible for Editor in 0.30 ms, found 0 plugins.
Preloading 0 native plugins for Editor in 0.00 ms.
Unloading 1127 Unused Serialized files (Serialized files now loaded: 0)
System memory in use before: 58.4 MB.
System memory in use after: 58.5 MB.

Unloading 5 unused Assets to reduce memory usage. Loaded Objects now: 1613.
Total: 2.312500 ms (FindLiveObjects: 0.287700 ms CreateObjectMapping: 0.059300 ms MarkObjects: 1.894800 ms  DeleteObjects: 0.068400 ms)

========================================================================
Received Prepare
Registering precompiled user dll's ...
Registered in 0.001040 seconds.
Begin MonoManager ReloadAssembly
Native extension for WindowsStandalone target not found
Refreshing native plugins compatible for Editor in 0.31 ms, found 0 plugins.
Preloading 0 native plugins for Editor in 0.00 ms.
Invoked RoslynAnalysisRunner static constructor.
RoslynAnalysisRunner will not be running.
RoslynAnalysisRunner has terminated.
Mono: successfully reloaded assembly
- Completed reload, in  1.086 seconds
Platform modules already initialized, skipping
Refreshing native plugins compatible for Editor in 0.29 ms, found 0 plugins.
Preloading 0 native plugins for Editor in 0.00 ms.
Unloading 1127 Unused Serialized files (Serialized files now loaded: 0)
System memory in use before: 58.4 MB.
System memory in use after: 58.5 MB.

Unloading 5 unused Assets to reduce memory usage. Loaded Objects now: 1616.
Total: 2.062000 ms (FindLiveObjects: 0.149700 ms CreateObjectMapping: 0.060500 ms MarkObjects: 1.783300 ms  DeleteObjects: 0.066700 ms)

========================================================================
Received Import Request.
  Time since last request: 64.099782 seconds.
  path: Assets/Scripts/Sesion4/Sesion4_ReceiverOwner.cs
  artifactKey: Guid(dc126c22768a5494fb295191b7528348) Importer(815301076,1909f56bfc062723c751e8b465ee728b)
Start importing Assets/Scripts/Sesion4/Sesion4_ReceiverOwner.cs using Guid(dc126c22768a5494fb295191b7528348) Importer(815301076,1909f56bfc062723c751e8b465ee728b)  -> (artifact id: 'b964196c3bfe7a5b9d493053881d1810') in 0.012719 seconds
  Import took 0.020486 seconds .

========================================================================
Received Prepare
Registering precompiled user dll's ...
Registered in 0.000919 seconds.
Begin MonoManager ReloadAssembly
Native extension for WindowsStandalone target not found
Refreshing native plugins compatible for Editor in 1.08 ms, found 0 plugins.
Preloading 0 native plugins for Editor in 0.00 ms.
Invoked RoslynAnalysisRunner static constructor.
RoslynAnalysisRunner will not be running.
RoslynAnalysisRunner has terminated.
Mono: successfully reloaded assembly
- Completed reload, in  1.233 seconds
Platform modules already initialized, skipping
Refreshing native plugins compatible for Editor in 0.31 ms, found 0 plugins.
Preloading 0 native plugins for Editor in 0.00 ms.
Unloading 1127 Unused Serialized files (Serialized files now loaded: 0)
System memory in use before: 58.4 MB.
System memory in use after: 58.5 MB.

Unloading 5 unused Assets to reduce memory usage. Loaded Objects now: 1619.
Total: 4.522800 ms (FindLiveObjects: 0.421100 ms CreateObjectMapping: 0.328600 ms MarkObjects: 3.537500 ms  DeleteObjects: 0.231500 ms)

========================================================================
Received Prepare
Registering precompiled user dll's ...
Registered in 0.001078 seconds.
Begin MonoManager ReloadAssembly
Native extension for WindowsStandalone target not found
Refreshing native plugins compatible for Editor in 0.28 ms, found 0 plugins.
Preloading 0 native plugins for Editor in 0.00 ms.
Invoked RoslynAnalysisRunner static constructor.
RoslynAnalysisRunner will not be running.
RoslynAnalysisRunner has terminated.
Mono: successfully reloaded assembly
- Completed reload, in  1.207 seconds
Platform modules already initialized, skipping
Refreshing native plugins compatible for Editor in 0.28 ms, found 0 plugins.
Preloading 0 native plugins for Editor in 0.00 ms.
Unloading 1127 Unused Serialized files (Serialized files now loaded: 0)
System memory in use before: 58.4 MB.
System memory in use after: 58.5 MB.

Unloading 5 unused Assets to reduce memory usage. Loaded Objects now: 1622.
Total: 2.933400 ms (FindLiveObjects: 0.255700 ms CreateObjectMapping: 0.061800 ms MarkObjects: 2.536300 ms  DeleteObjects: 0.077600 ms)

========================================================================
Received Import Request.
  Time since last request: 162.061862 seconds.
  path: Assets/Scripts/Sesion4/Sesion4_SendMessage.cs
  artifactKey: Guid(c299ea10c7966df4d9d95d973ffb02d5) Importer(815301076,1909f56bfc062723c751e8b465ee728b)
Start importing Assets/Scripts/Sesion4/Sesion4_SendMessage.cs using Guid(c299ea10c7966df4d9d95d973ffb02d5) Importer(815301076,1909f56bfc062723c751e8b465ee728b)  -> (artifact id: 'b13163d2b28246733369b9baf8e4231e') in 0.010295 seconds
  Import took 0.018910 seconds .

========================================================================
Received Prepare
Registering precompiled user dll's ...
Registered in 0.000927 seconds.
Begin MonoManager ReloadAssembly
Native extension for WindowsStandalone target not found
Refreshing native plugins compatible for Editor in 0.28 ms, found 0 plugins.
Preloading 0 native plugins for Editor in 0.00 ms.
Invoked RoslynAnalysisRunner static constructor.
RoslynAnalysisRunner will not be running.
RoslynAnalysisRunner has terminated.
Mono: successfully reloaded assembly
- Completed reload, in  1.122 seconds
Platform modules already initialized, skipping
Refreshing native plugins compatible for Editor in 0.33 ms, found 0 plugins.
Preloading 0 native plugins for Editor in 0.00 ms.
Unloading 1127 Unused Serialized files (Serialized files now loaded: 0)
System memory in use before: 58.4 MB.
System memory in use after: 58.5 MB.

Unloading 5 unused Assets to reduce memory usage. Loaded Objects now: 1625.
Total: 2.682300 ms (FindLiveObjects: 0.481900 ms CreateObjectMapping: 0.063600 ms MarkObjects: 2.019800 ms  DeleteObjects: 0.112500 ms)

========================================================================
Received Prepare
Registering precompiled user dll's ...
Registered in 0.000867 seconds.
Begin MonoManager ReloadAssembly
Native extension for WindowsStandalone target not found
Refreshing native plugins compatible for Editor in 0.30 ms, found 0 plugins.
Preloading 0 native plugins for Editor in 0.00 ms.
Invoked RoslynAnalysisRunner static constructor.
RoslynAnalysisRunner will not be running.
RoslynAnalysisRunner has terminated.
Mono: successfully reloaded assembly
- Completed reload, in  1.098 seconds
Platform modules already initialized, skipping
Refreshing native plugins compatible for Editor in 0.27 ms, found 0 plugins.
Preloading 0 native plugins for Editor in 0.00 ms.
Unloading 1127 Unused Serialized files (Serialized files now loaded: 0)
System memory in use before: 58.4 MB.
System memory in use after: 58.5 MB.

Unloading 5 unused Assets to reduce memory usage. Loaded Objects now: 1628.
Total: 2.077800 ms (FindLiveObjects: 0.185300 ms CreateObjectMapping: 0.059000 ms MarkObjects: 1.769200 ms  DeleteObjects: 0.062700 ms)

========================================================================
Received Prepare
Registering precompiled user dll's ...
Registered in 0.001438 seconds.
Begin MonoManager ReloadAssembly
Native extension for WindowsStandalone target not found
Refreshing native plugins compatible for Editor in 0.27 ms, found 0 plugins.
Preloading 0 native plugins for Editor in 0.00 ms.
Invoked RoslynAnalysisRunner static constructor.
RoslynAnalysisRunner will not be running.
RoslynAnalysisRunner has terminated.
Mono: successfully reloaded assembly
- Completed reload, in  1.126 seconds
Platform modules already initialized, skipping
Refreshing native plugins compatible for Editor in 0.48 ms, found 0 plugins.
Preloading 0 native plugins for Editor in 0.00 ms.
Unloading 1127 Unused Serialized files (Serialized files now loaded: 0)
System memory in use before: 58.4 MB.
System memory in use after: 58.5 MB.

Unloading 5 unused Assets to reduce memory usage. Loaded Objects now: 1631.
Total: 1.888000 ms (FindLiveObjects: 0.167000 ms CreateObjectMapping: 0.052600 ms MarkObjects: 1.596500 ms  DeleteObjects: 0.070000 ms)

========================================================================
Received Prepare
Registering precompiled user dll's ...
Registered in 0.001004 seconds.
Begin MonoManager ReloadAssembly
Native extension for WindowsStandalone target not found
Refreshing native plugins compatible for Editor in 0.30 ms, found 0 plugins.
Preloading 0 native plugins for Editor in 0.00 ms.
Invoked RoslynAnalysisRunner static constructor.
RoslynAnalysisRunner will not be running.
RoslynAnalysisRunner has terminated.
Mono: successfully reloaded assembly
- Completed reload, in  1.122 seconds
Platform modules already initialized, skipping
Refreshing native plugins compatible for Editor in 0.27 ms, found 0 plugins.
Preloading 0 native plugins for Editor in 0.00 ms.
Unloading 1127 Unused Serialized files (Serialized files now loaded: 0)
System memory in use before: 58.4 MB.
System memory in use after: 58.5 MB.

Unloading 5 unused Assets to reduce memory usage. Loaded Objects now: 1634.
Total: 2.041800 ms (FindLiveObjects: 0.253600 ms CreateObjectMapping: 0.060200 ms MarkObjects: 1.665100 ms  DeleteObjects: 0.061100 ms)

========================================================================
Received Prepare
Registering precompiled user dll's ...
Registered in 0.001450 seconds.
Begin MonoManager ReloadAssembly
Native extension for WindowsStandalone target not found
Refreshing native plugins compatible for Editor in 0.30 ms, found 0 plugins.
Preloading 0 native plugins for Editor in 0.00 ms.
Invoked RoslynAnalysisRunner static constructor.
RoslynAnalysisRunner will not be running.
RoslynAnalysisRunner has terminated.
Mono: successfully reloaded assembly
- Completed reload, in  1.253 seconds
Platform modules already initialized, skipping
Refreshing native plugins compatible for Editor in 0.44 ms, found 0 plugins.
Preloading 0 native plugins for Editor in 0.00 ms.
Unloading 1127 Unused Serialized files (Serialized files now loaded: 0)
System memory in use before: 58.4 MB.
System memory in use after: 58.5 MB.

Unloading 5 unused Assets to reduce memory usage. Loaded Objects now: 1637.
Total: 2.332700 ms (FindLiveObjects: 0.240300 ms CreateObjectMapping: 0.054400 ms MarkObjects: 1.971100 ms  DeleteObjects: 0.064200 ms)

========================================================================
Received Prepare
Registering precompiled user dll's ...
Registered in 0.000966 seconds.
Begin MonoManager ReloadAssembly
Native extension for WindowsStandalone target not found
Refreshing native plugins compatible for Editor in 0.26 ms, found 0 plugins.
Preloading 0 native plugins for Editor in 0.00 ms.
Invoked RoslynAnalysisRunner static constructor.
RoslynAnalysisRunner will not be running.
RoslynAnalysisRunner has terminated.
Mono: successfully reloaded assembly
- Completed reload, in  1.076 seconds
Platform modules already initialized, skipping
Refreshing native plugins compatible for Editor in 0.27 ms, found 0 plugins.
Preloading 0 native plugins for Editor in 0.00 ms.
Unloading 1127 Unused Serialized files (Serialized files now loaded: 0)
System memory in use before: 58.4 MB.
System memory in use after: 58.5 MB.

Unloading 5 unused Assets to reduce memory usage. Loaded Objects now: 1640.
Total: 2.154900 ms (FindLiveObjects: 0.178500 ms CreateObjectMapping: 0.048600 ms MarkObjects: 1.860500 ms  DeleteObjects: 0.065300 ms)

========================================================================
Received Prepare
Registering precompiled user dll's ...
Registered in 0.000927 seconds.
Begin MonoManager ReloadAssembly
Native extension for WindowsStandalone target not found
Refreshing native plugins compatible for Editor in 0.30 ms, found 0 plugins.
Preloading 0 native plugins for Editor in 0.00 ms.
Invoked RoslynAnalysisRunner static constructor.
RoslynAnalysisRunner will not be running.
RoslynAnalysisRunner has terminated.
Mono: successfully reloaded assembly
- Completed reload, in  1.114 seconds
Platform modules already initialized, skipping
Refreshing native plugins compatible for Editor in 0.30 ms, found 0 plugins.
Preloading 0 native plugins for Editor in 0.00 ms.
Unloading 1127 Unused Serialized files (Serialized files now loaded: 0)
System memory in use before: 58.4 MB.
System memory in use after: 58.5 MB.

Unloading 5 unused Assets to reduce memory usage. Loaded Objects now: 1643.
Total: 2.075400 ms (FindLiveObjects: 0.264300 ms CreateObjectMapping: 0.051000 ms MarkObjects: 1.692000 ms  DeleteObjects: 0.066200 ms)

========================================================================
Received Prepare
Registering precompiled user dll's ...
Registered in 0.001291 seconds.
Begin MonoManager ReloadAssembly
Native extension for WindowsStandalone target not found
Refreshing native plugins compatible for Editor in 0.26 ms, found 0 plugins.
Preloading 0 native plugins for Editor in 0.00 ms.
Invoked RoslynAnalysisRunner static constructor.
RoslynAnalysisRunner will not be running.
RoslynAnalysisRunner has terminated.
Mono: successfully reloaded assembly
- Completed reload, in  1.130 seconds
Platform modules already initialized, skipping
Refreshing native plugins compatible for Editor in 0.32 ms, found 0 plugins.
Preloading 0 native plugins for Editor in 0.00 ms.
Unloading 1127 Unused Serialized files (Serialized files now loaded: 0)
System memory in use before: 58.4 MB.
System memory in use after: 58.5 MB.

Unloading 5 unused Assets to reduce memory usage. Loaded Objects now: 1646.
Total: 2.297400 ms (FindLiveObjects: 0.337900 ms CreateObjectMapping: 0.104800 ms MarkObjects: 1.762400 ms  DeleteObjects: 0.089200 ms)

========================================================================
Received Prepare
Registering precompiled user dll's ...
Registered in 0.001094 seconds.
Begin MonoManager ReloadAssembly
Native extension for WindowsStandalone target not found
Refreshing native plugins compatible for Editor in 0.36 ms, found 0 plugins.
Preloading 0 native plugins for Editor in 0.00 ms.
Invoked RoslynAnalysisRunner static constructor.
RoslynAnalysisRunner will not be running.
RoslynAnalysisRunner has terminated.
Mono: successfully reloaded assembly
- Completed reload, in  1.233 seconds
Platform modules already initialized, skipping
Refreshing native plugins compatible for Editor in 0.27 ms, found 0 plugins.
Preloading 0 native plugins for Editor in 0.00 ms.
Unloading 1127 Unused Serialized files (Serialized files now loaded: 0)
System memory in use before: 58.4 MB.
System memory in use after: 58.5 MB.

Unloading 5 unused Assets to reduce memory usage. Loaded Objects now: 1649.
Total: 2.592200 ms (FindLiveObjects: 0.286700 ms CreateObjectMapping: 0.074900 ms MarkObjects: 2.164900 ms  DeleteObjects: 0.063600 ms)

========================================================================
Received Prepare
Registering precompiled user dll's ...
Registered in 0.000954 seconds.
Begin MonoManager ReloadAssembly
Native extension for WindowsStandalone target not found
Refreshing native plugins compatible for Editor in 0.26 ms, found 0 plugins.
Preloading 0 native plugins for Editor in 0.00 ms.
Invoked RoslynAnalysisRunner static constructor.
RoslynAnalysisRunner will not be running.
RoslynAnalysisRunner has terminated.
Mono: successfully reloaded assembly
- Completed reload, in  1.201 seconds
Platform modules already initialized, skipping
Refreshing native plugins compatible for Editor in 0.42 ms, found 0 plugins.
Preloading 0 native plugins for Editor in 0.00 ms.
Unloading 1127 Unused Serialized files (Serialized files now loaded: 0)
System memory in use before: 58.5 MB.
System memory in use after: 58.5 MB.

Unloading 5 unused Assets to reduce memory usage. Loaded Objects now: 1652.
Total: 2.373900 ms (FindLiveObjects: 0.249600 ms CreateObjectMapping: 0.122400 ms MarkObjects: 1.929400 ms  DeleteObjects: 0.070500 ms)

========================================================================
Received Prepare
Registering precompiled user dll's ...
Registered in 0.001737 seconds.
Begin MonoManager ReloadAssembly
Native extension for WindowsStandalone target not found
Refreshing native plugins compatible for Editor in 0.27 ms, found 0 plugins.
Preloading 0 native plugins for Editor in 0.00 ms.
Invoked RoslynAnalysisRunner static constructor.
RoslynAnalysisRunner will not be running.
RoslynAnalysisRunner has terminated.
Mono: successfully reloaded assembly
- Completed reload, in  1.204 seconds
Platform modules already initialized, skipping
Refreshing native plugins compatible for Editor in 0.35 ms, found 0 plugins.
Preloading 0 native plugins for Editor in 0.00 ms.
Unloading 1127 Unused Serialized files (Serialized files now loaded: 0)
System memory in use before: 58.5 MB.
System memory in use after: 58.5 MB.

Unloading 5 unused Assets to reduce memory usage. Loaded Objects now: 1655.
Total: 2.065400 ms (FindLiveObjects: 0.289800 ms CreateObjectMapping: 0.068100 ms MarkObjects: 1.632700 ms  DeleteObjects: 0.072900 ms)

========================================================================
Received Prepare
Registering precompiled user dll's ...
Registered in 0.001387 seconds.
Begin MonoManager ReloadAssembly
Native extension for WindowsStandalone target not found
Refreshing native plugins compatible for Editor in 0.29 ms, found 0 plugins.
Preloading 0 native plugins for Editor in 0.00 ms.
Invoked RoslynAnalysisRunner static constructor.
RoslynAnalysisRunner will not be running.
RoslynAnalysisRunner has terminated.
Mono: successfully reloaded assembly
- Completed reload, in  1.159 seconds
Platform modules already initialized, skipping
Refreshing native plugins compatible for Editor in 0.29 ms, found 0 plugins.
Preloading 0 native plugins for Editor in 0.00 ms.
Unloading 1127 Unused Serialized files (Serialized files now loaded: 0)
System memory in use before: 58.5 MB.
System memory in use after: 58.5 MB.

Unloading 5 unused Assets to reduce memory usage. Loaded Objects now: 1658.
Total: 2.385300 ms (FindLiveObjects: 0.395700 ms CreateObjectMapping: 0.076000 ms MarkObjects: 1.846900 ms  DeleteObjects: 0.064500 ms)

========================================================================
Received Prepare
Registering precompiled user dll's ...
Registered in 0.001311 seconds.
Begin MonoManager ReloadAssembly
Native extension for WindowsStandalone target not found
Refreshing native plugins compatible for Editor in 0.42 ms, found 0 plugins.
Preloading 0 native plugins for Editor in 0.00 ms.
Invoked RoslynAnalysisRunner static constructor.
RoslynAnalysisRunner will not be running.
RoslynAnalysisRunner has terminated.
Mono: successfully reloaded assembly
- Completed reload, in  1.589 seconds
Platform modules already initialized, skipping
Refreshing native plugins compatible for Editor in 0.43 ms, found 0 plugins.
Preloading 0 native plugins for Editor in 0.00 ms.
Unloading 1127 Unused Serialized files (Serialized files now loaded: 0)
System memory in use before: 58.5 MB.
System memory in use after: 58.5 MB.

Unloading 5 unused Assets to reduce memory usage. Loaded Objects now: 1661.
Total: 3.326000 ms (FindLiveObjects: 0.391400 ms CreateObjectMapping: 0.072700 ms MarkObjects: 2.775800 ms  DeleteObjects: 0.082400 ms)

========================================================================
Received Prepare
Registering precompiled user dll's ...
Registered in 0.001239 seconds.
Begin MonoManager ReloadAssembly
Native extension for WindowsStandalone target not found
Refreshing native plugins compatible for Editor in 0.40 ms, found 0 plugins.
Preloading 0 native plugins for Editor in 0.00 ms.
Invoked RoslynAnalysisRunner static constructor.
RoslynAnalysisRunner will not be running.
RoslynAnalysisRunner has terminated.
Mono: successfully reloaded assembly
- Completed reload, in  1.245 seconds
Platform modules already initialized, skipping
Refreshing native plugins compatible for Editor in 0.29 ms, found 0 plugins.
Preloading 0 native plugins for Editor in 0.00 ms.
Unloading 1127 Unused Serialized files (Serialized files now loaded: 0)
System memory in use before: 58.5 MB.
System memory in use after: 58.5 MB.

Unloading 5 unused Assets to reduce memory usage. Loaded Objects now: 1664.
Total: 2.143700 ms (FindLiveObjects: 0.275200 ms CreateObjectMapping: 0.088800 ms MarkObjects: 1.704700 ms  DeleteObjects: 0.073000 ms)

========================================================================
Received Prepare
Registering precompiled user dll's ...
Registered in 0.000997 seconds.
Begin MonoManager ReloadAssembly
Native extension for WindowsStandalone target not found
Refreshing native plugins compatible for Editor in 0.28 ms, found 0 plugins.
Preloading 0 native plugins for Editor in 0.00 ms.
Invoked RoslynAnalysisRunner static constructor.
RoslynAnalysisRunner will not be running.
RoslynAnalysisRunner has terminated.
Mono: successfully reloaded assembly
- Completed reload, in  1.168 seconds
Platform modules already initialized, skipping
Refreshing native plugins compatible for Editor in 0.34 ms, found 0 plugins.
Preloading 0 native plugins for Editor in 0.00 ms.
Unloading 1127 Unused Serialized files (Serialized files now loaded: 0)
System memory in use before: 58.5 MB.
System memory in use after: 58.6 MB.

Unloading 5 unused Assets to reduce memory usage. Loaded Objects now: 1667.
Total: 2.160900 ms (FindLiveObjects: 0.387400 ms CreateObjectMapping: 0.064400 ms MarkObjects: 1.631900 ms  DeleteObjects: 0.074800 ms)

========================================================================
Received Prepare
Registering precompiled user dll's ...
Registered in 0.001223 seconds.
Begin MonoManager ReloadAssembly
Native extension for WindowsStandalone target not found
Refreshing native plugins compatible for Editor in 0.29 ms, found 0 plugins.
Preloading 0 native plugins for Editor in 0.00 ms.
Invoked RoslynAnalysisRunner static constructor.
RoslynAnalysisRunner will not be running.
RoslynAnalysisRunner has terminated.
Mono: successfully reloaded assembly
- Completed reload, in  1.205 seconds
Platform modules already initialized, skipping
Refreshing native plugins compatible for Editor in 0.28 ms, found 0 plugins.
Preloading 0 native plugins for Editor in 0.00 ms.
Unloading 1127 Unused Serialized files (Serialized files now loaded: 0)
System memory in use before: 58.5 MB.
System memory in use after: 58.6 MB.

Unloading 5 unused Assets to reduce memory usage. Loaded Objects now: 1670.
Total: 2.862900 ms (FindLiveObjects: 0.277000 ms CreateObjectMapping: 0.067500 ms MarkObjects: 2.435000 ms  DeleteObjects: 0.081200 ms)

========================================================================
Received Prepare
Registering precompiled user dll's ...
Registered in 0.001256 seconds.
Begin MonoManager ReloadAssembly
Native extension for WindowsStandalone target not found
Refreshing native plugins compatible for Editor in 0.27 ms, found 0 plugins.
Preloading 0 native plugins for Editor in 0.00 ms.
Invoked RoslynAnalysisRunner static constructor.
RoslynAnalysisRunner will not be running.
RoslynAnalysisRunner has terminated.
Mono: successfully reloaded assembly
- Completed reload, in  1.191 seconds
Platform modules already initialized, skipping
Refreshing native plugins compatible for Editor in 0.27 ms, found 0 plugins.
Preloading 0 native plugins for Editor in 0.00 ms.
Unloading 1127 Unused Serialized files (Serialized files now loaded: 0)
System memory in use before: 58.5 MB.
System memory in use after: 58.6 MB.

Unloading 5 unused Assets to reduce memory usage. Loaded Objects now: 1673.
Total: 3.611800 ms (FindLiveObjects: 0.471400 ms CreateObjectMapping: 0.148400 ms MarkObjects: 2.906400 ms  DeleteObjects: 0.082300 ms)

========================================================================
Received Import Request.
  Time since last request: 1526.449096 seconds.
  path: Assets/Scripts/Sesion4/Sesion4_Interfaces.cs
  artifactKey: Guid(07efd818520d83a498384190d64d931c) Importer(815301076,1909f56bfc062723c751e8b465ee728b)
Start importing Assets/Scripts/Sesion4/Sesion4_Interfaces.cs using Guid(07efd818520d83a498384190d64d931c) Importer(815301076,1909f56bfc062723c751e8b465ee728b)  -> (artifact id: 'cc4e6caa9585ac0541b27658dd095661') in 0.016082 seconds
  Import took 0.018815 seconds .

========================================================================
Received Prepare
Registering precompiled user dll's ...
Registered in 0.000907 seconds.
Begin MonoManager ReloadAssembly
Native extension for WindowsStandalone target not found
Refreshing native plugins compatible for Editor in 0.38 ms, found 0 plugins.
Preloading 0 native plugins for Editor in 0.00 ms.
Invoked RoslynAnalysisRunner static constructor.
RoslynAnalysisRunner will not be running.
RoslynAnalysisRunner has terminated.
Mono: successfully reloaded assembly
- Completed reload, in  1.213 seconds
Platform modules already initialized, skipping
Refreshing native plugins compatible for Editor in 0.27 ms, found 0 plugins.
Preloading 0 native plugins for Editor in 0.00 ms.
Unloading 1128 Unused Serialized files (Serialized files now loaded: 0)
System memory in use before: 58.5 MB.
System memory in use after: 58.6 MB.

Unloading 5 unused Assets to reduce memory usage. Loaded Objects now: 1677.
Total: 2.087600 ms (FindLiveObjects: 0.298000 ms CreateObjectMapping: 0.057700 ms MarkObjects: 1.665200 ms  DeleteObjects: 0.064200 ms)

========================================================================
Received Prepare
Registering precompiled user dll's ...
Registered in 0.001447 seconds.
Begin MonoManager ReloadAssembly
Native extension for WindowsStandalone target not found
Refreshing native plugins compatible for Editor in 0.31 ms, found 0 plugins.
Preloading 0 native plugins for Editor in 0.00 ms.
Invoked RoslynAnalysisRunner static constructor.
RoslynAnalysisRunner will not be running.
RoslynAnalysisRunner has terminated.
Mono: successfully reloaded assembly
- Completed reload, in  1.179 seconds
Platform modules already initialized, skipping
Refreshing native plugins compatible for Editor in 0.26 ms, found 0 plugins.
Preloading 0 native plugins for Editor in 0.00 ms.
Unloading 1128 Unused Serialized files (Serialized files now loaded: 0)
System memory in use before: 58.5 MB.
System memory in use after: 58.6 MB.

Unloading 5 unused Assets to reduce memory usage. Loaded Objects now: 1680.
Total: 2.061200 ms (FindLiveObjects: 0.191000 ms CreateObjectMapping: 0.061500 ms MarkObjects: 1.743000 ms  DeleteObjects: 0.064200 ms)

========================================================================
Received Import Request.
  Time since last request: 181.433445 seconds.
  path: Assets/Scripts/Sesion4/Sesion4_Interfaces.cs
  artifactKey: Guid(07efd818520d83a498384190d64d931c) Importer(815301076,1909f56bfc062723c751e8b465ee728b)
Start importing Assets/Scripts/Sesion4/Sesion4_Interfaces.cs using Guid(07efd818520d83a498384190d64d931c) Importer(815301076,1909f56bfc062723c751e8b465ee728b)  -> (artifact id: '556da66dc69a77a3e8d4a43f2b0111c0') in 0.009066 seconds
  Import took 0.041534 seconds .

========================================================================
Received Import Request.
  Time since last request: 0.932373 seconds.
  path: Assets/Scripts/Sesion4/Sesion4_Constructor.cs
  artifactKey: Guid(488a41e4617aa0f4799d3df6a5e06b6a) Importer(815301076,1909f56bfc062723c751e8b465ee728b)
Start importing Assets/Scripts/Sesion4/Sesion4_Constructor.cs using Guid(488a41e4617aa0f4799d3df6a5e06b6a) Importer(815301076,1909f56bfc062723c751e8b465ee728b)  -> (artifact id: 'd3f6a0c0071502f2a9dfb30d4eed7720') in 0.003564 seconds
  Import took 0.006228 seconds .

========================================================================
Received Import Request.
  Time since last request: 0.039988 seconds.
  path: Assets/Scripts/Sesion4/Sesion4_Constructor.cs
  artifactKey: Guid(488a41e4617aa0f4799d3df6a5e06b6a) Importer(815301076,1909f56bfc062723c751e8b465ee728b)
Start importing Assets/Scripts/Sesion4/Sesion4_Constructor.cs using Guid(488a41e4617aa0f4799d3df6a5e06b6a) Importer(815301076,1909f56bfc062723c751e8b465ee728b)  -> (artifact id: 'd3f6a0c0071502f2a9dfb30d4eed7720') in 0.004478 seconds
  Import took 0.008519 seconds .

========================================================================
Received Prepare
Registering precompiled user dll's ...
Registered in 0.001204 seconds.
Begin MonoManager ReloadAssembly
Native extension for WindowsStandalone target not found
Refreshing native plugins compatible for Editor in 0.34 ms, found 0 plugins.
Preloading 0 native plugins for Editor in 0.00 ms.
Invoked RoslynAnalysisRunner static constructor.
RoslynAnalysisRunner will not be running.
RoslynAnalysisRunner has terminated.
Mono: successfully reloaded assembly
- Completed reload, in  1.218 seconds
Platform modules already initialized, skipping
Refreshing native plugins compatible for Editor in 0.29 ms, found 0 plugins.
Preloading 0 native plugins for Editor in 0.00 ms.
Unloading 1128 Unused Serialized files (Serialized files now loaded: 0)
System memory in use before: 58.5 MB.
System memory in use after: 58.6 MB.

Unloading 5 unused Assets to reduce memory usage. Loaded Objects now: 1683.
Total: 1.844600 ms (FindLiveObjects: 0.174400 ms CreateObjectMapping: 0.049700 ms MarkObjects: 1.554700 ms  DeleteObjects: 0.063800 ms)

========================================================================
Received Import Request.
  Time since last request: 450.780281 seconds.
  path: Assets/Scripts/Sesion4/Sesion4_Constructor.cs
  artifactKey: Guid(488a41e4617aa0f4799d3df6a5e06b6a) Importer(815301076,1909f56bfc062723c751e8b465ee728b)
Start importing Assets/Scripts/Sesion4/Sesion4_Constructor.cs using Guid(488a41e4617aa0f4799d3df6a5e06b6a) Importer(815301076,1909f56bfc062723c751e8b465ee728b)  -> (artifact id: 'cead9f9cbc34f37da8c4f9c0a26826e8') in 0.010064 seconds
  Import took 0.020339 seconds .

========================================================================
Received Prepare
Registering precompiled user dll's ...
Registered in 0.001420 seconds.
Begin MonoManager ReloadAssembly
Native extension for WindowsStandalone target not found
Refreshing native plugins compatible for Editor in 0.26 ms, found 0 plugins.
Preloading 0 native plugins for Editor in 0.00 ms.
Invoked RoslynAnalysisRunner static constructor.
RoslynAnalysisRunner will not be running.
RoslynAnalysisRunner has terminated.
Mono: successfully reloaded assembly
- Completed reload, in  1.202 seconds
Platform modules already initialized, skipping
Refreshing native plugins compatible for Editor in 0.27 ms, found 0 plugins.
Preloading 0 native plugins for Editor in 0.00 ms.
Unloading 1128 Unused Serialized files (Serialized files now loaded: 0)
System memory in use before: 58.5 MB.
System memory in use after: 58.6 MB.

Unloading 5 unused Assets to reduce memory usage. Loaded Objects now: 1686.
Total: 3.154600 ms (FindLiveObjects: 0.533700 ms CreateObjectMapping: 0.095100 ms MarkObjects: 2.451700 ms  DeleteObjects: 0.071700 ms)

========================================================================
Received Prepare
Registering precompiled user dll's ...
Registered in 0.001044 seconds.
Begin MonoManager ReloadAssembly
Native extension for WindowsStandalone target not found
Refreshing native plugins compatible for Editor in 0.29 ms, found 0 plugins.
Preloading 0 native plugins for Editor in 0.00 ms.
Invoked RoslynAnalysisRunner static constructor.
RoslynAnalysisRunner will not be running.
RoslynAnalysisRunner has terminated.
Mono: successfully reloaded assembly
- Completed reload, in  1.304 seconds
Platform modules already initialized, skipping
Refreshing native plugins compatible for Editor in 0.29 ms, found 0 plugins.
Preloading 0 native plugins for Editor in 0.00 ms.
Unloading 1128 Unused Serialized files (Serialized files now loaded: 0)
System memory in use before: 58.5 MB.
System memory in use after: 58.6 MB.

Unloading 5 unused Assets to reduce memory usage. Loaded Objects now: 1689.
Total: 1.957800 ms (FindLiveObjects: 0.175300 ms CreateObjectMapping: 0.054800 ms MarkObjects: 1.659000 ms  DeleteObjects: 0.067000 ms)

========================================================================
Received Prepare
Registering precompiled user dll's ...
Registered in 0.002357 seconds.
Begin MonoManager ReloadAssembly
Native extension for WindowsStandalone target not found
Refreshing native plugins compatible for Editor in 0.29 ms, found 0 plugins.
Preloading 0 native plugins for Editor in 0.00 ms.
Invoked RoslynAnalysisRunner static constructor.
RoslynAnalysisRunner will not be running.
RoslynAnalysisRunner has terminated.
Mono: successfully reloaded assembly
- Completed reload, in  1.293 seconds
Platform modules already initialized, skipping
Refreshing native plugins compatible for Editor in 0.27 ms, found 0 plugins.
Preloading 0 native plugins for Editor in 0.00 ms.
Unloading 1128 Unused Serialized files (Serialized files now loaded: 0)
System memory in use before: 58.5 MB.
System memory in use after: 58.6 MB.

Unloading 5 unused Assets to reduce memory usage. Loaded Objects now: 1692.
Total: 2.802800 ms (FindLiveObjects: 0.317000 ms CreateObjectMapping: 0.065600 ms MarkObjects: 2.304100 ms  DeleteObjects: 0.113400 ms)

========================================================================
Received Prepare
Registering precompiled user dll's ...
Registered in 0.001116 seconds.
Begin MonoManager ReloadAssembly
Native extension for WindowsStandalone target not found
Refreshing native plugins compatible for Editor in 0.28 ms, found 0 plugins.
Preloading 0 native plugins for Editor in 0.00 ms.
Invoked RoslynAnalysisRunner static constructor.
RoslynAnalysisRunner will not be running.
RoslynAnalysisRunner has terminated.
Mono: successfully reloaded assembly
- Completed reload, in  1.252 seconds
Platform modules already initialized, skipping
Refreshing native plugins compatible for Editor in 0.27 ms, found 0 plugins.
Preloading 0 native plugins for Editor in 0.00 ms.
Unloading 1128 Unused Serialized files (Serialized files now loaded: 0)
System memory in use before: 58.5 MB.
System memory in use after: 58.6 MB.

Unloading 5 unused Assets to reduce memory usage. Loaded Objects now: 1695.
Total: 1.923700 ms (FindLiveObjects: 0.167500 ms CreateObjectMapping: 0.054300 ms MarkObjects: 1.611300 ms  DeleteObjects: 0.088600 ms)

========================================================================
Received Import Request.
  Time since last request: 4256.422110 seconds.
  path: Assets/Scripts/Sesion4/Interfaces.cs
  artifactKey: Guid(4b409bc4ae5b03941b9c04073764fd9f) Importer(815301076,1909f56bfc062723c751e8b465ee728b)
Start importing Assets/Scripts/Sesion4/Interfaces.cs using Guid(4b409bc4ae5b03941b9c04073764fd9f) Importer(815301076,1909f56bfc062723c751e8b465ee728b)  -> (artifact id: '317e82bb722ff1214a412ad639ace7d5') in 0.015735 seconds
  Import took 0.042282 seconds .

========================================================================
Received Prepare
Registering precompiled user dll's ...
Registered in 0.000938 seconds.
Begin MonoManager ReloadAssembly
Native extension for WindowsStandalone target not found
Refreshing native plugins compatible for Editor in 0.34 ms, found 0 plugins.
Preloading 0 native plugins for Editor in 0.00 ms.
Invoked RoslynAnalysisRunner static constructor.
RoslynAnalysisRunner will not be running.
RoslynAnalysisRunner has terminated.
Mono: successfully reloaded assembly
- Completed reload, in  1.230 seconds
Platform modules already initialized, skipping
Refreshing native plugins compatible for Editor in 0.27 ms, found 0 plugins.
Preloading 0 native plugins for Editor in 0.00 ms.
Unloading 1129 Unused Serialized files (Serialized files now loaded: 0)
System memory in use before: 58.6 MB.
System memory in use after: 58.6 MB.

Unloading 5 unused Assets to reduce memory usage. Loaded Objects now: 1699.
Total: 2.255600 ms (FindLiveObjects: 0.199800 ms CreateObjectMapping: 0.095200 ms MarkObjects: 1.892300 ms  DeleteObjects: 0.066500 ms)

========================================================================
Received Prepare
Registering precompiled user dll's ...
Registered in 0.001525 seconds.
Begin MonoManager ReloadAssembly
Native extension for WindowsStandalone target not found
Refreshing native plugins compatible for Editor in 0.26 ms, found 0 plugins.
Preloading 0 native plugins for Editor in 0.00 ms.
Invoked RoslynAnalysisRunner static constructor.
RoslynAnalysisRunner will not be running.
RoslynAnalysisRunner has terminated.
Mono: successfully reloaded assembly
- Completed reload, in  1.078 seconds
Platform modules already initialized, skipping
Refreshing native plugins compatible for Editor in 0.26 ms, found 0 plugins.
Preloading 0 native plugins for Editor in 0.00 ms.
Unloading 1129 Unused Serialized files (Serialized files now loaded: 0)
System memory in use before: 58.6 MB.
System memory in use after: 58.6 MB.

Unloading 5 unused Assets to reduce memory usage. Loaded Objects now: 1702.
Total: 1.956800 ms (FindLiveObjects: 0.174800 ms CreateObjectMapping: 0.049400 ms MarkObjects: 1.669200 ms  DeleteObjects: 0.061800 ms)

========================================================================
Received Import Request.
  Time since last request: 18.790543 seconds.
  path: Assets/Scripts/Sesion4/Interfaces.cs
  artifactKey: Guid(4b409bc4ae5b03941b9c04073764fd9f) Importer(815301076,1909f56bfc062723c751e8b465ee728b)
Start importing Assets/Scripts/Sesion4/Interfaces.cs using Guid(4b409bc4ae5b03941b9c04073764fd9f) Importer(815301076,1909f56bfc062723c751e8b465ee728b)  -> (artifact id: 'eb6025d8d478b5887e1c225e15ac37ea') in 0.019044 seconds
  Import took 0.032037 seconds .

========================================================================
Received Import Request.
  Time since last request: 10.364519 seconds.
  path: Assets/Scripts/Sesion4/Sesion4_SendMessage.cs
  artifactKey: Guid(c299ea10c7966df4d9d95d973ffb02d5) Importer(815301076,1909f56bfc062723c751e8b465ee728b)
Start importing Assets/Scripts/Sesion4/Sesion4_SendMessage.cs using Guid(c299ea10c7966df4d9d95d973ffb02d5) Importer(815301076,1909f56bfc062723c751e8b465ee728b)  -> (artifact id: '55d5df98676f0cacf64731b3835888ab') in 0.003200 seconds
  Import took 0.017950 seconds .

========================================================================
Received Import Request.
  Time since last request: 4.814045 seconds.
  path: Assets/Scripts/Sesion4/Sesion4_SendMessage.cs
  artifactKey: Guid(c299ea10c7966df4d9d95d973ffb02d5) Importer(815301076,1909f56bfc062723c751e8b465ee728b)
Start importing Assets/Scripts/Sesion4/Sesion4_SendMessage.cs using Guid(c299ea10c7966df4d9d95d973ffb02d5) Importer(815301076,1909f56bfc062723c751e8b465ee728b)  -> (artifact id: '55d5df98676f0cacf64731b3835888ab') in 0.008738 seconds
  Import took 0.015407 seconds .

========================================================================
Received Import Request.
  Time since last request: 1081.548638 seconds.
  path: Assets/Sprites/Enemies/AngryPig/Hit 2 (36x30).png
  artifactKey: Guid(a35da7f6e32f10c41a5b9f834c61a46b) Importer(815301076,1909f56bfc062723c751e8b465ee728b)
Start importing Assets/Sprites/Enemies/AngryPig/Hit 2 (36x30).png using Guid(a35da7f6e32f10c41a5b9f834c61a46b) Importer(815301076,1909f56bfc062723c751e8b465ee728b)  -> (artifact id: '947ecd43d194d0837ae3dec2f21e3fcd') in 0.647362 seconds
  Import took 0.672702 seconds .

========================================================================
Received Import Request.
  Time since last request: 0.000335 seconds.
  path: Assets/Sprites/Enemies/Rino/Hit Wall (52x34).png
  artifactKey: Guid(55543342b3ff22b4295adbd76443a099) Importer(815301076,1909f56bfc062723c751e8b465ee728b)
Start importing Assets/Sprites/Enemies/Rino/Hit Wall (52x34).png using Guid(55543342b3ff22b4295adbd76443a099) Importer(815301076,1909f56bfc062723c751e8b465ee728b)  -> (artifact id: 'e3331467b310a7ee58ad9d8875bc9e26') in 0.050983 seconds
  Import took 0.069168 seconds .

========================================================================
Received Import Request.
  Time since last request: 0.000258 seconds.
  path: Assets/Sprites/Enemies/AngryPig/Idle (36x30).png
  artifactKey: Guid(32819dd5dff68a043a41745ae327b73c) Importer(815301076,1909f56bfc062723c751e8b465ee728b)
Start importing Assets/Sprites/Enemies/AngryPig/Idle (36x30).png using Guid(32819dd5dff68a043a41745ae327b73c) Importer(815301076,1909f56bfc062723c751e8b465ee728b)  -> (artifact id: 'cc10074661a6171cd5d779a134cf6b47') in 0.055129 seconds
  Import took 0.057416 seconds .

========================================================================
Received Import Request.
  Time since last request: 0.000313 seconds.
  path: Assets/Sprites/Enemies/Mushroom/Idle (32x32).png
  artifactKey: Guid(ee2ed40208e308f4e8f2804f3c9c4056) Importer(815301076,1909f56bfc062723c751e8b465ee728b)
Start importing Assets/Sprites/Enemies/Mushroom/Idle (32x32).png using Guid(ee2ed40208e308f4e8f2804f3c9c4056) Importer(815301076,1909f56bfc062723c751e8b465ee728b)  -> (artifact id: '92f686a20b240b9f3f26d7abc07c0a2f') in 0.072679 seconds
  Import took 0.074808 seconds .

========================================================================
Received Import Request.
  Time since last request: 0.000334 seconds.
  path: Assets/Sprites/Enemies/Skull/Hit Wall 2 (52x54).png
  artifactKey: Guid(25fc717ecf135f74ca3ae82698a73b63) Importer(815301076,1909f56bfc062723c751e8b465ee728b)
Start importing Assets/Sprites/Enemies/Skull/Hit Wall 2 (52x54).png using Guid(25fc717ecf135f74ca3ae82698a73b63) Importer(815301076,1909f56bfc062723c751e8b465ee728b)  -> (artifact id: '26e68c7609bd55b36d8e7e72af9de599') in 0.075312 seconds
  Import took 0.097238 seconds .

========================================================================
Received Import Request.
  Time since last request: 0.000290 seconds.
  path: Assets/Sprites/Enemies/Bee/Idle (36x34).png
  artifactKey: Guid(110796ccd815ff94484c1d092378aba0) Importer(815301076,1909f56bfc062723c751e8b465ee728b)
Start importing Assets/Sprites/Enemies/Bee/Idle (36x34).png using Guid(110796ccd815ff94484c1d092378aba0) Importer(815301076,1909f56bfc062723c751e8b465ee728b)  -> (artifact id: '314d699941341390daabf7d72520fdfc') in 0.067737 seconds
  Import took 0.087102 seconds .

========================================================================
Received Import Request.
  Time since last request: 0.000269 seconds.
  path: Assets/Sprites/Enemies/Snail/Idle (38x24).png
  artifactKey: Guid(48407aedd75bcf8469052d684b203b1b) Importer(815301076,1909f56bfc062723c751e8b465ee728b)
Start importing Assets/Sprites/Enemies/Snail/Idle (38x24).png using Guid(48407aedd75bcf8469052d684b203b1b) Importer(815301076,1909f56bfc062723c751e8b465ee728b)  -> (artifact id: '77392c5d976f3149429a346f38fd88b8') in 0.064045 seconds
  Import took 0.067399 seconds .

========================================================================
Received Import Request.
  Time since last request: 0.000269 seconds.
  path: Assets/Sprites/Enemies/Bunny/Idle (34x44).png
  artifactKey: Guid(375aa75eddd65ab47a4d112b2027875c) Importer(815301076,1909f56bfc062723c751e8b465ee728b)
Start importing Assets/Sprites/Enemies/Bunny/Idle (34x44).png using Guid(375aa75eddd65ab47a4d112b2027875c) Importer(815301076,1909f56bfc062723c751e8b465ee728b)  -> (artifact id: '4ab7572c6539c9d478fd388574151199') in 0.062742 seconds
  Import took 0.065674 seconds .

========================================================================
Received Import Request.
  Time since last request: 0.000270 seconds.
  path: Assets/Sprites/Enemies/Chicken/Idle (32x34).png
  artifactKey: Guid(4b863817d0b3d8e4fb225258b8b7ce3a) Importer(815301076,1909f56bfc062723c751e8b465ee728b)
Start importing Assets/Sprites/Enemies/Chicken/Idle (32x34).png using Guid(4b863817d0b3d8e4fb225258b8b7ce3a) Importer(815301076,1909f56bfc062723c751e8b465ee728b)  -> (artifact id: '2d7b7ec81fd4255bf2e2d980859ba666') in 0.082429 seconds
  Import took 0.094790 seconds .

========================================================================
Received Import Request.
  Time since last request: 0.000229 seconds.
  path: Assets/Sprites/Enemies/Skull/Hit Wall 1 (52x54).png
  artifactKey: Guid(b51b9b901bc6b6e4ea05dfa7f7b88543) Importer(815301076,1909f56bfc062723c751e8b465ee728b)
Start importing Assets/Sprites/Enemies/Skull/Hit Wall 1 (52x54).png using Guid(b51b9b901bc6b6e4ea05dfa7f7b88543) Importer(815301076,1909f56bfc062723c751e8b465ee728b)  -> (artifact id: '29ef0ad37e17c34269005d9daa9b0e88') in 0.050275 seconds
  Import took 0.060355 seconds .

========================================================================
Received Import Request.
  Time since last request: 1.584407 seconds.
  path: Assets/Sprites/Enemies/Ghost/Idle (44x30).png
  artifactKey: Guid(15c08d9e6c12b4a45a5427e649c58b73) Importer(815301076,1909f56bfc062723c751e8b465ee728b)
Start importing Assets/Sprites/Enemies/Ghost/Idle (44x30).png using Guid(15c08d9e6c12b4a45a5427e649c58b73) Importer(815301076,1909f56bfc062723c751e8b465ee728b)  -> (artifact id: 'd662aa809f779f9ccd70b626b582561e') in 0.095007 seconds
  Import took 0.116194 seconds .

========================================================================
Received Import Request.
  Time since last request: 0.000263 seconds.
  path: Assets/Sprites/Enemies/Rocks/Rock3_Run (22x18).png
  artifactKey: Guid(04e210bd16a97a442bb69d1e26374103) Importer(815301076,1909f56bfc062723c751e8b465ee728b)
Start importing Assets/Sprites/Enemies/Rocks/Rock3_Run (22x18).png using Guid(04e210bd16a97a442bb69d1e26374103) Importer(815301076,1909f56bfc062723c751e8b465ee728b)  -> (artifact id: 'dd3273721fdd155d398acc7c15a68052') in 0.070282 seconds
  Import took 0.079359 seconds .

========================================================================
Received Import Request.
  Time since last request: 0.000306 seconds.
  path: Assets/Sprites/Enemies/AngryPig/Run (36x30).png
  artifactKey: Guid(76e23268df8e2f4478b3ec8bc317e9dd) Importer(815301076,1909f56bfc062723c751e8b465ee728b)
Start importing Assets/Sprites/Enemies/AngryPig/Run (36x30).png using Guid(76e23268df8e2f4478b3ec8bc317e9dd) Importer(815301076,1909f56bfc062723c751e8b465ee728b)  -> (artifact id: '570d652890db091311cdfee672320de8') in 0.104199 seconds
  Import took 0.115644 seconds .

========================================================================
Received Import Request.
  Time since last request: 0.000348 seconds.
  path: Assets/Sprites/Enemies/Rino/Run (52x34).png
  artifactKey: Guid(cdd32f2108c54c1448a5cf1e15a7eba0) Importer(815301076,1909f56bfc062723c751e8b465ee728b)
Start importing Assets/Sprites/Enemies/Rino/Run (52x34).png using Guid(cdd32f2108c54c1448a5cf1e15a7eba0) Importer(815301076,1909f56bfc062723c751e8b465ee728b)  -> (artifact id: 'd7d4bccdfe1aa2380bce82066593b225') in 0.080138 seconds
  Import took 0.082850 seconds .

========================================================================
Received Import Request.
  Time since last request: 0.000301 seconds.
  path: Assets/Sprites/Enemies/Chameleon/Idle (84x38).png
  artifactKey: Guid(e8befeff20c1d6448bcd8fab0e00b0f7) Importer(815301076,1909f56bfc062723c751e8b465ee728b)
Start importing Assets/Sprites/Enemies/Chameleon/Idle (84x38).png using Guid(e8befeff20c1d6448bcd8fab0e00b0f7) Importer(815301076,1909f56bfc062723c751e8b465ee728b)  -> (artifact id: '7bf0a788dcf0882c5dbe5418806c4221') in 0.080567 seconds
  Import took 0.090981 seconds .

========================================================================
Received Import Request.
  Time since last request: 0.000326 seconds.
  path: Assets/Sprites/Enemies/Radish/Idle 1 (30x38).png
  artifactKey: Guid(7106f9c1b3bf7fe4a800ba6c1cc6e814) Importer(815301076,1909f56bfc062723c751e8b465ee728b)
Start importing Assets/Sprites/Enemies/Radish/Idle 1 (30x38).png using Guid(7106f9c1b3bf7fe4a800ba6c1cc6e814) Importer(815301076,1909f56bfc062723c751e8b465ee728b)  -> (artifact id: '26b61da1cb4e7979887e27b3a9d9f443') in 0.063665 seconds
  Import took 0.065884 seconds .

========================================================================
Received Import Request.
  Time since last request: 0.000234 seconds.
  path: Assets/Sprites/Enemies/Plant/Idle (44x42).png
  artifactKey: Guid(98aff1530e2e48b43aa7f38d8485e0b8) Importer(815301076,1909f56bfc062723c751e8b465ee728b)
Start importing Assets/Sprites/Enemies/Plant/Idle (44x42).png using Guid(98aff1530e2e48b43aa7f38d8485e0b8) Importer(815301076,1909f56bfc062723c751e8b465ee728b)  -> (artifact id: '796f4dd20331c7bb1d3a82915678b23c') in 0.053291 seconds
  Import took 0.055349 seconds .

========================================================================
Received Import Request.
  Time since last request: 0.000285 seconds.
  path: Assets/Sprites/Enemies/Turtle/Idle 2 (44x26).png
  artifactKey: Guid(aae86108f3f833947bda741bfb5b21f6) Importer(815301076,1909f56bfc062723c751e8b465ee728b)
Start importing Assets/Sprites/Enemies/Turtle/Idle 2 (44x26).png using Guid(aae86108f3f833947bda741bfb5b21f6) Importer(815301076,1909f56bfc062723c751e8b465ee728b)  -> (artifact id: 'e1433a9dd429af05725aa8d61ceab10d') in 0.063557 seconds
  Import took 0.077401 seconds .

========================================================================
Received Import Request.
  Time since last request: 0.000230 seconds.
  path: Assets/Sprites/Enemies/Trunk/Idle (64x32).png
  artifactKey: Guid(9ae9bfb1af460f84f919712de29717e7) Importer(815301076,1909f56bfc062723c751e8b465ee728b)
Start importing Assets/Sprites/Enemies/Trunk/Idle (64x32).png using Guid(9ae9bfb1af460f84f919712de29717e7) Importer(815301076,1909f56bfc062723c751e8b465ee728b)  -> (artifact id: 'fddab7f3e3996d96e6926984abe63c79') in 0.143460 seconds
  Import took 0.152645 seconds .

========================================================================
Received Import Request.
  Time since last request: 0.000318 seconds.
  path: Assets/Sprites/Enemies/Rino/Idle (52x34).png
  artifactKey: Guid(e83411358afb8f24ebcd5c00789114c7) Importer(815301076,1909f56bfc062723c751e8b465ee728b)
Start importing Assets/Sprites/Enemies/Rino/Idle (52x34).png using Guid(e83411358afb8f24ebcd5c00789114c7) Importer(815301076,1909f56bfc062723c751e8b465ee728b)  -> (artifact id: '68acbd2d4f95030988bcce1419cc3316') in 0.062840 seconds
  Import took 0.078889 seconds .

========================================================================
Received Import Request.
  Time since last request: 0.000391 seconds.
  path: Assets/Sprites/Enemies/Mushroom/Run (32x32).png
  artifactKey: Guid(8833d4b0c3d9de341a83d92e7d6a6964) Importer(815301076,1909f56bfc062723c751e8b465ee728b)
Start importing Assets/Sprites/Enemies/Mushroom/Run (32x32).png using Guid(8833d4b0c3d9de341a83d92e7d6a6964) Importer(815301076,1909f56bfc062723c751e8b465ee728b)  -> (artifact id: '581eb1d0eced4788f0ae416bb82c4286') in 0.042124 seconds
  Import took 0.049558 seconds .

========================================================================
Received Import Request.
  Time since last request: 0.000278 seconds.
  path: Assets/Sprites/Enemies/Skull/Idle 1 (52x54).png
  artifactKey: Guid(e53033ec2bb178645a6299641c64c7ce) Importer(815301076,1909f56bfc062723c751e8b465ee728b)
Start importing Assets/Sprites/Enemies/Skull/Idle 1 (52x54).png using Guid(e53033ec2bb178645a6299641c64c7ce) Importer(815301076,1909f56bfc062723c751e8b465ee728b)  -> (artifact id: '833412188928f089d47e36b738e0c235') in 0.045366 seconds
  Import took 0.048407 seconds .

========================================================================
Received Import Request.
  Time since last request: 0.000440 seconds.
  path: Assets/Sprites/Enemies/Slime/Idle-Run (44x30).png
  artifactKey: Guid(547044f4e09e393478c8228b92a05f1b) Importer(815301076,1909f56bfc062723c751e8b465ee728b)
Start importing Assets/Sprites/Enemies/Slime/Idle-Run (44x30).png using Guid(547044f4e09e393478c8228b92a05f1b) Importer(815301076,1909f56bfc062723c751e8b465ee728b)  -> (artifact id: '822f77be491c2111206bcd5695d80ef7') in 0.068780 seconds
  Import took 0.071238 seconds .

========================================================================
Received Import Request.
  Time since last request: 0.000251 seconds.
  path: Assets/Sprites/Enemies/Chicken/Run (32x34).png
  artifactKey: Guid(4936cb4fa11844e42b242bbecdf04015) Importer(815301076,1909f56bfc062723c751e8b465ee728b)
Start importing Assets/Sprites/Enemies/Chicken/Run (32x34).png using Guid(4936cb4fa11844e42b242bbecdf04015) Importer(815301076,1909f56bfc062723c751e8b465ee728b)  -> (artifact id: 'f310e753aa49774548bf2731c476c0c1') in 0.058423 seconds
  Import took 0.080404 seconds .

========================================================================
Received Import Request.
  Time since last request: 0.000327 seconds.
  path: Assets/Sprites/Enemies/Slime/Particles (62x16).png
  artifactKey: Guid(f068122ed12f9254f95fe5632096f196) Importer(815301076,1909f56bfc062723c751e8b465ee728b)
Start importing Assets/Sprites/Enemies/Slime/Particles (62x16).png using Guid(f068122ed12f9254f95fe5632096f196) Importer(815301076,1909f56bfc062723c751e8b465ee728b)  -> (artifact id: '4bc757aac4e2b234f1fe49602d3ff3a2') in 0.151459 seconds
  Import took 0.153612 seconds .

========================================================================
Received Import Request.
  Time since last request: 0.000311 seconds.
  path: Assets/Sprites/Enemies/Rocks/Rock1_Idle (38x34).png
  artifactKey: Guid(5eb907c8b18356f45ac0facdd0083ebf) Importer(815301076,1909f56bfc062723c751e8b465ee728b)
Start importing Assets/Sprites/Enemies/Rocks/Rock1_Idle (38x34).png using Guid(5eb907c8b18356f45ac0facdd0083ebf) Importer(815301076,1909f56bfc062723c751e8b465ee728b)  -> (artifact id: '95316dff451c2106ee9e283d7491a96f') in 0.064784 seconds
  Import took 0.066873 seconds .

========================================================================
Received Import Request.
  Time since last request: 0.000322 seconds.
  path: Assets/Sprites/Enemies/Rocks/Rock3_Hit (22x18).png
  artifactKey: Guid(e868ebf379c92c347b25f7e3192d18ae) Importer(815301076,1909f56bfc062723c751e8b465ee728b)
Start importing Assets/Sprites/Enemies/Rocks/Rock3_Hit (22x18).png using Guid(e868ebf379c92c347b25f7e3192d18ae) Importer(815301076,1909f56bfc062723c751e8b465ee728b)  -> (artifact id: '9c6cd5e05896cdcf5111908ed9e0896e') in 0.065905 seconds
  Import took 0.068231 seconds .

========================================================================
Received Import Request.
  Time since last request: 0.000519 seconds.
  path: Assets/Sprites/Enemies/Rocks/Rock2_Idle (32x28).png
  artifactKey: Guid(16be2773cd1c8c94abe10e6a1eba600e) Importer(815301076,1909f56bfc062723c751e8b465ee728b)
Start importing Assets/Sprites/Enemies/Rocks/Rock2_Idle (32x28).png using Guid(16be2773cd1c8c94abe10e6a1eba600e) Importer(815301076,1909f56bfc062723c751e8b465ee728b)  -> (artifact id: 'e699f5c799e68c80cbbaa41cc10801bc') in 0.049931 seconds
  Import took 0.062911 seconds .

========================================================================
Received Import Request.
  Time since last request: 0.000230 seconds.
  path: Assets/Sprites/Enemies/Rocks/Rock2_Run (32x28).png
  artifactKey: Guid(dd009c1c03bab944892c86ae97333057) Importer(815301076,1909f56bfc062723c751e8b465ee728b)
Start importing Assets/Sprites/Enemies/Rocks/Rock2_Run (32x28).png using Guid(dd009c1c03bab944892c86ae97333057) Importer(815301076,1909f56bfc062723c751e8b465ee728b)  -> (artifact id: '650c9d210fc6130e0f9643d5bbdbfd17') in 0.041246 seconds
  Import took 0.043333 seconds .

========================================================================
Received Import Request.
  Time since last request: 0.000238 seconds.
  path: Assets/Sprites/Enemies/Trunk/Run (64x32).png
  artifactKey: Guid(584189c0d745094409ac34735ad47f0a) Importer(815301076,1909f56bfc062723c751e8b465ee728b)
Start importing Assets/Sprites/Enemies/Trunk/Run (64x32).png using Guid(584189c0d745094409ac34735ad47f0a) Importer(815301076,1909f56bfc062723c751e8b465ee728b)  -> (artifact id: 'bdafd92c75b3d82d1feb211f06ddb53f') in 0.064172 seconds
  Import took 0.082396 seconds .

========================================================================
Received Import Request.
  Time since last request: 0.000246 seconds.
  path: Assets/Sprites/Enemies/Radish/Run (30x38).png
  artifactKey: Guid(7833691bec1c53e4c8a3bcb62bb93bf6) Importer(815301076,1909f56bfc062723c751e8b465ee728b)
Start importing Assets/Sprites/Enemies/Radish/Run (30x38).png using Guid(7833691bec1c53e4c8a3bcb62bb93bf6) Importer(815301076,1909f56bfc062723c751e8b465ee728b)  -> (artifact id: '8ead070eb14859066f1c237fc78e968b') in 0.068245 seconds
  Import took 0.070356 seconds .

========================================================================
Received Import Request.
  Time since last request: 0.000329 seconds.
  path: Assets/Sprites/Enemies/Skull/Idle 2 (52x54).png
  artifactKey: Guid(57d7ce0bedfed8141a9a969c8df53acf) Importer(815301076,1909f56bfc062723c751e8b465ee728b)
Start importing Assets/Sprites/Enemies/Skull/Idle 2 (52x54).png using Guid(57d7ce0bedfed8141a9a969c8df53acf) Importer(815301076,1909f56bfc062723c751e8b465ee728b)  -> (artifact id: 'ec074f4b154d24d3d1c1845d1ea08ef1') in 0.081184 seconds
  Import took 0.096148 seconds .

========================================================================
Received Import Request.
  Time since last request: 0.000311 seconds.
  path: Assets/Sprites/Enemies/Turtle/Idle 1 (44x26).png
  artifactKey: Guid(9b9a5cd54f0ca8d4fad5fe189931f307) Importer(815301076,1909f56bfc062723c751e8b465ee728b)
Start importing Assets/Sprites/Enemies/Turtle/Idle 1 (44x26).png using Guid(9b9a5cd54f0ca8d4fad5fe189931f307) Importer(815301076,1909f56bfc062723c751e8b465ee728b)  -> (artifact id: 'c102f0f104472857e66544866017d20f') in 0.115100 seconds
  Import took 0.118086 seconds .

========================================================================
Received Import Request.
  Time since last request: 0.000260 seconds.
  path: Assets/Sprites/Enemies/Bunny/Jump.png
  artifactKey: Guid(1baf302a5aa42b44f9f542a743d07d6a) Importer(815301076,1909f56bfc062723c751e8b465ee728b)
Start importing Assets/Sprites/Enemies/Bunny/Jump.png using Guid(1baf302a5aa42b44f9f542a743d07d6a) Importer(815301076,1909f56bfc062723c751e8b465ee728b)  -> (artifact id: '02dd26c93ed9a24afbe1000053f20736') in 0.060743 seconds
  Import took 0.063648 seconds .

========================================================================
Received Import Request.
  Time since last request: 0.000317 seconds.
  path: Assets/Sprites/Enemies/Bunny/Run (34x44).png
  artifactKey: Guid(33470bd1e5834694eb26567d14c64d29) Importer(815301076,1909f56bfc062723c751e8b465ee728b)
Start importing Assets/Sprites/Enemies/Bunny/Run (34x44).png using Guid(33470bd1e5834694eb26567d14c64d29) Importer(815301076,1909f56bfc062723c751e8b465ee728b)  -> (artifact id: '32012755ef1733a0b5491fd30f54dcbe') in 0.070718 seconds
  Import took 0.073138 seconds .

========================================================================
Received Import Request.
  Time since last request: 0.000327 seconds.
  path: Assets/Sprites/Enemies/Radish/Idle 2 (30x38).png
  artifactKey: Guid(1a233e71ac84b1442aa64b94a5b597af) Importer(815301076,1909f56bfc062723c751e8b465ee728b)
Start importing Assets/Sprites/Enemies/Radish/Idle 2 (30x38).png using Guid(1a233e71ac84b1442aa64b94a5b597af) Importer(815301076,1909f56bfc062723c751e8b465ee728b)  -> (artifact id: 'd35a18a0fc791f1b1143ec00ca49f46b') in 0.077331 seconds
  Import took 0.080057 seconds .

========================================================================
Received Import Request.
  Time since last request: 0.000269 seconds.
  path: Assets/Sprites/Enemies/Rocks/Rock1_Run (38x34).png
  artifactKey: Guid(73703028f34073e4eba859c2b3ae8f97) Importer(815301076,1909f56bfc062723c751e8b465ee728b)
Start importing Assets/Sprites/Enemies/Rocks/Rock1_Run (38x34).png using Guid(73703028f34073e4eba859c2b3ae8f97) Importer(815301076,1909f56bfc062723c751e8b465ee728b)  -> (artifact id: '6bc799241b52897c5017fc5ccf83e236') in 0.071545 seconds
  Import took 0.073648 seconds .

========================================================================
Received Import Request.
  Time since last request: 0.000260 seconds.
  path: Assets/Sprites/Enemies/Skull/Red Particle.png
  artifactKey: Guid(828e5a7bb10a25d459b3cd76a4f2f894) Importer(815301076,1909f56bfc062723c751e8b465ee728b)
Start importing Assets/Sprites/Enemies/Skull/Red Particle.png using Guid(828e5a7bb10a25d459b3cd76a4f2f894) Importer(815301076,1909f56bfc062723c751e8b465ee728b)  -> (artifact id: 'a862da4f2081bfc769aefa7cf362f972') in 0.043515 seconds
  Import took 0.059890 seconds .

========================================================================
Received Import Request.
  Time since last request: 0.000298 seconds.
  path: Assets/Sprites/Enemies/Skull/Orange Particle.png
  artifactKey: Guid(a136de1f36a8daa4d9bac05c7c6b2689) Importer(815301076,1909f56bfc062723c751e8b465ee728b)
Start importing Assets/Sprites/Enemies/Skull/Orange Particle.png using Guid(a136de1f36a8daa4d9bac05c7c6b2689) Importer(815301076,1909f56bfc062723c751e8b465ee728b)  -> (artifact id: '2fbec32e7bb1eb23e12573b1f2643e40') in 0.055624 seconds
  Import took 0.057683 seconds .

========================================================================
Received Import Request.
  Time since last request: 0.000328 seconds.
  path: Assets/Sprites/Enemies/Rocks/Rock3_Idle (22x18).png
  artifactKey: Guid(59cd633c11850b744bbf90410e77dd58) Importer(815301076,1909f56bfc062723c751e8b465ee728b)
Start importing Assets/Sprites/Enemies/Rocks/Rock3_Idle (22x18).png using Guid(59cd633c11850b744bbf90410e77dd58) Importer(815301076,1909f56bfc062723c751e8b465ee728b)  -> (artifact id: '5039989ef41dc4b48f333b11686d6df7') in 0.042971 seconds
  Import took 0.061605 seconds .

========================================================================
Received Import Request.
  Time since last request: 0.000259 seconds.
  path: Assets/Sprites/Enemies/Rocks/Rock2_Hit (32x28).png
  artifactKey: Guid(3a3bde729915dc2469b3c87e31b3a57a) Importer(815301076,1909f56bfc062723c751e8b465ee728b)
Start importing Assets/Sprites/Enemies/Rocks/Rock2_Hit (32x28).png using Guid(3a3bde729915dc2469b3c87e31b3a57a) Importer(815301076,1909f56bfc062723c751e8b465ee728b)  -> (artifact id: '517caa2e1988719adc2200043b527e68') in 0.052181 seconds
  Import took 0.054385 seconds .

========================================================================
Received Import Request.
  Time since last request: 0.000234 seconds.
  path: Assets/Sprites/Enemies/Rocks/Rock1_Hit.png
  artifactKey: Guid(057e05ea46a848345ae5f4371e43352d) Importer(815301076,1909f56bfc062723c751e8b465ee728b)
Start importing Assets/Sprites/Enemies/Rocks/Rock1_Hit.png using Guid(057e05ea46a848345ae5f4371e43352d) Importer(815301076,1909f56bfc062723c751e8b465ee728b)  -> (artifact id: 'c2536ab3f8d58657d349d5bac0c31534') in 0.079925 seconds
  Import took 0.082021 seconds .

========================================================================
Received Import Request.
  Time since last request: 0.000225 seconds.
  path: Assets/Sprites/Enemies/Radish/Leafs.png
  artifactKey: Guid(2938dc3a2841a3743a74629cb8beb5f0) Importer(815301076,1909f56bfc062723c751e8b465ee728b)
Start importing Assets/Sprites/Enemies/Radish/Leafs.png using Guid(2938dc3a2841a3743a74629cb8beb5f0) Importer(815301076,1909f56bfc062723c751e8b465ee728b)  -> (artifact id: 'da6fe511508d9c6c0b286dead17f9496') in 0.040105 seconds
  Import took 0.042520 seconds .

========================================================================
Received Prepare
Registering precompiled user dll's ...
Registered in 0.000974 seconds.
Begin MonoManager ReloadAssembly
Native extension for WindowsStandalone target not found
Refreshing native plugins compatible for Editor in 0.33 ms, found 0 plugins.
Preloading 0 native plugins for Editor in 0.00 ms.
Invoked RoslynAnalysisRunner static constructor.
RoslynAnalysisRunner will not be running.
RoslynAnalysisRunner has terminated.
Mono: successfully reloaded assembly
- Completed reload, in  1.146 seconds
Platform modules already initialized, skipping
Refreshing native plugins compatible for Editor in 0.35 ms, found 0 plugins.
Preloading 0 native plugins for Editor in 0.00 ms.
Unloading 1129 Unused Serialized files (Serialized files now loaded: 0)
System memory in use before: 61.7 MB.
System memory in use after: 61.8 MB.

Unloading 5 unused Assets to reduce memory usage. Loaded Objects now: 1753.
Total: 1.989600 ms (FindLiveObjects: 0.163600 ms CreateObjectMapping: 0.048200 ms MarkObjects: 1.715800 ms  DeleteObjects: 0.060500 ms)

